************* Module pre_processor
pre_processor.py:32: [C0301(line-too-long), ] Line too long (105/100)
pre_processor.py:35: [C0301(line-too-long), ] Line too long (101/100)
pre_processor.py:6: [R0205(useless-object-inheritance), PreProcessor] Class 'PreProcessor' inherits from object, can be safely removed from bases in python3
pre_processor.py:19: [E1101(no-member), PreProcessor.pre_processing] Module 'cv2' has no 'cvtColor' member
pre_processor.py:19: [E1101(no-member), PreProcessor.pre_processing] Module 'cv2' has no 'COLOR_BGR2GRAY' member
pre_processor.py:22: [E1101(no-member), PreProcessor.pre_processing] Module 'cv2' has no 'normalize' member
pre_processor.py:22: [E1101(no-member), PreProcessor.pre_processing] Module 'cv2' has no 'NORM_MINMAX' member
pre_processor.py:25: [E1101(no-member), PreProcessor.pre_processing] Module 'cv2' has no 'Sobel' member
pre_processor.py:25: [E1101(no-member), PreProcessor.pre_processing] Module 'cv2' has no 'CV_8U' member
pre_processor.py:28: [E1101(no-member), PreProcessor.pre_processing] Module 'cv2' has no 'threshold' member
pre_processor.py:28: [E1101(no-member), PreProcessor.pre_processing] Module 'cv2' has no 'THRESH_BINARY' member
pre_processor.py:31: [E1101(no-member), PreProcessor.pre_processing] Module 'cv2' has no 'getStructuringElement' member
pre_processor.py:31: [E1101(no-member), PreProcessor.pre_processing] Module 'cv2' has no 'MORPH_RECT' member
pre_processor.py:32: [E1101(no-member), PreProcessor.pre_processing] Module 'cv2' has no 'morphologyEx' member
pre_processor.py:32: [E1101(no-member), PreProcessor.pre_processing] Module 'cv2' has no 'MORPH_DILATE' member
pre_processor.py:33: [E1101(no-member), PreProcessor.pre_processing] Module 'cv2' has no 'BORDER_REFLECT' member
pre_processor.py:6: [R0903(too-few-public-methods), PreProcessor] Too few public methods (1/2)

----------------------------------------------------------------------

Your code has been rated at -39.29/10 (previous run: -39.29/10, +0.00)


